<?xml version="1.0" encoding="UTF-8"?>
<testsuite xmlns:xsi="http://www.w3.org/2001/XMLSchema-instance" xsi:noNamespaceSchemaLocation="https://maven.apache.org/surefire/maven-surefire-plugin/xsd/surefire-test-report.xsd" name="TestSuite" time="1.158" tests="2" errors="0" skipped="0" failures="0">
  <properties>
    <property name="java.specification.version" value="16"/>
    <property name="sun.cpu.isalist" value="amd64"/>
    <property name="sun.jnu.encoding" value="Cp1252"/>
    <property name="java.class.path" value="C:\Formacion\gitmavenjenkins\formaciongitmavenjenkins-master\target\test-classes;C:\Formacion\gitmavenjenkins\formaciongitmavenjenkins-master\target\classes;C:\Users\jsuredap\.m2\repository\org\testng\testng\6.14.3\testng-6.14.3.jar;C:\Users\jsuredap\.m2\repository\com\beust\jcommander\1.72\jcommander-1.72.jar;C:\Users\jsuredap\.m2\repository\org\apache-extras\beanshell\bsh\2.0b6\bsh-2.0b6.jar;C:\Users\jsuredap\.m2\repository\io\qameta\allure\allure-testng\2.13.10\allure-testng-2.13.10.jar;C:\Users\jsuredap\.m2\repository\io\qameta\allure\allure-java-commons\2.13.10\allure-java-commons-2.13.10.jar;C:\Users\jsuredap\.m2\repository\org\slf4j\slf4j-api\1.7.30\slf4j-api-1.7.30.jar;C:\Users\jsuredap\.m2\repository\io\qameta\allure\allure-model\2.13.10\allure-model-2.13.10.jar;C:\Users\jsuredap\.m2\repository\com\fasterxml\jackson\core\jackson-databind\2.12.3\jackson-databind-2.12.3.jar;C:\Users\jsuredap\.m2\repository\com\fasterxml\jackson\core\jackson-annotations\2.12.3\jackson-annotations-2.12.3.jar;C:\Users\jsuredap\.m2\repository\com\fasterxml\jackson\core\jackson-core\2.12.3\jackson-core-2.12.3.jar;C:\Users\jsuredap\.m2\repository\org\apache\tika\tika-core\1.26\tika-core-1.26.jar;C:\Users\jsuredap\.m2\repository\javax\xml\bind\jaxb-api\2.3.1\jaxb-api-2.3.1.jar;C:\Users\jsuredap\.m2\repository\javax\activation\javax.activation-api\1.2.0\javax.activation-api-1.2.0.jar;C:\Users\jsuredap\.m2\repository\javax\activation\activation\1.1.1\activation-1.1.1.jar;C:\Users\jsuredap\.m2\repository\org\jooq\joor-java-8\0.9.14\joor-java-8-0.9.14.jar;C:\Users\jsuredap\.m2\repository\io\qameta\allure\allure-test-filter\2.13.10\allure-test-filter-2.13.10.jar;"/>
    <property name="java.vm.vendor" value="Oracle Corporation"/>
    <property name="sun.arch.data.model" value="64"/>
    <property name="user.variant" value=""/>
    <property name="java.vendor.url" value="https://java.oracle.com/"/>
    <property name="user.timezone" value="Europe/Madrid"/>
    <property name="os.name" value="Windows 10"/>
    <property name="java.vm.specification.version" value="16"/>
    <property name="sun.java.launcher" value="SUN_STANDARD"/>
    <property name="user.country" value="ES"/>
    <property name="sun.boot.library.path" value="C:\Formaciones\eclipse\plugins\org.eclipse.justj.openjdk.hotspot.jre.full.win32.x86_64_16.0.2.v20210721-1149\jre\bin"/>
    <property name="sun.java.command" value="C:\Users\jsuredap\AppData\Local\Temp\surefire14551681865381646622\surefirebooter8308013078602050855.jar C:\Users\jsuredap\AppData\Local\Temp\surefire14551681865381646622 2021-09-24T11-12-28_071-jvmRun1 surefire8991486830170886750tmp surefire_015395103231243334188tmp"/>
    <property name="jdk.debug" value="release"/>
    <property name="surefire.test.class.path" value="C:\Formacion\gitmavenjenkins\formaciongitmavenjenkins-master\target\test-classes;C:\Formacion\gitmavenjenkins\formaciongitmavenjenkins-master\target\classes;C:\Users\jsuredap\.m2\repository\org\testng\testng\6.14.3\testng-6.14.3.jar;C:\Users\jsuredap\.m2\repository\com\beust\jcommander\1.72\jcommander-1.72.jar;C:\Users\jsuredap\.m2\repository\org\apache-extras\beanshell\bsh\2.0b6\bsh-2.0b6.jar;C:\Users\jsuredap\.m2\repository\io\qameta\allure\allure-testng\2.13.10\allure-testng-2.13.10.jar;C:\Users\jsuredap\.m2\repository\io\qameta\allure\allure-java-commons\2.13.10\allure-java-commons-2.13.10.jar;C:\Users\jsuredap\.m2\repository\org\slf4j\slf4j-api\1.7.30\slf4j-api-1.7.30.jar;C:\Users\jsuredap\.m2\repository\io\qameta\allure\allure-model\2.13.10\allure-model-2.13.10.jar;C:\Users\jsuredap\.m2\repository\com\fasterxml\jackson\core\jackson-databind\2.12.3\jackson-databind-2.12.3.jar;C:\Users\jsuredap\.m2\repository\com\fasterxml\jackson\core\jackson-annotations\2.12.3\jackson-annotations-2.12.3.jar;C:\Users\jsuredap\.m2\repository\com\fasterxml\jackson\core\jackson-core\2.12.3\jackson-core-2.12.3.jar;C:\Users\jsuredap\.m2\repository\org\apache\tika\tika-core\1.26\tika-core-1.26.jar;C:\Users\jsuredap\.m2\repository\javax\xml\bind\jaxb-api\2.3.1\jaxb-api-2.3.1.jar;C:\Users\jsuredap\.m2\repository\javax\activation\javax.activation-api\1.2.0\javax.activation-api-1.2.0.jar;C:\Users\jsuredap\.m2\repository\javax\activation\activation\1.1.1\activation-1.1.1.jar;C:\Users\jsuredap\.m2\repository\org\jooq\joor-java-8\0.9.14\joor-java-8-0.9.14.jar;C:\Users\jsuredap\.m2\repository\io\qameta\allure\allure-test-filter\2.13.10\allure-test-filter-2.13.10.jar;"/>
    <property name="allure.results.directory" value="target/allure-results"/>
    <property name="sun.cpu.endian" value="little"/>
    <property name="user.home" value="C:\Users\jsuredap"/>
    <property name="user.language" value="es"/>
    <property name="java.specification.vendor" value="Oracle Corporation"/>
    <property name="java.version.date" value="2021-07-20"/>
    <property name="java.home" value="C:\Formaciones\eclipse\plugins\org.eclipse.justj.openjdk.hotspot.jre.full.win32.x86_64_16.0.2.v20210721-1149\jre"/>
    <property name="file.separator" value="\"/>
    <property name="basedir" value="C:\Formacion\gitmavenjenkins\formaciongitmavenjenkins-master"/>
    <property name="java.vm.compressedOopsMode" value="Zero based"/>
    <property name="line.separator" value="&#10;"/>
    <property name="java.vm.specification.vendor" value="Oracle Corporation"/>
    <property name="java.specification.name" value="Java Platform API Specification"/>
    <property name="surefire.real.class.path" value="C:\Users\jsuredap\AppData\Local\Temp\surefire14551681865381646622\surefirebooter8308013078602050855.jar"/>
    <property name="user.script" value=""/>
    <property name="sun.management.compiler" value="HotSpot 64-Bit Tiered Compilers"/>
    <property name="java.runtime.version" value="16.0.2+7-67"/>
    <property name="user.name" value="jsuredap"/>
    <property name="path.separator" value=";"/>
    <property name="os.version" value="10.0"/>
    <property name="java.runtime.name" value="OpenJDK Runtime Environment"/>
    <property name="file.encoding" value="Cp1252"/>
    <property name="java.vm.name" value="OpenJDK 64-Bit Server VM"/>
    <property name="localRepository" value="C:\Users\jsuredap\.m2\repository"/>
    <property name="java.vendor.url.bug" value="https://bugreport.java.com/bugreport/"/>
    <property name="java.io.tmpdir" value="C:\Users\jsuredap\AppData\Local\Temp\"/>
    <property name="java.version" value="16.0.2"/>
    <property name="user.dir" value="C:\Formacion\gitmavenjenkins\formaciongitmavenjenkins-master"/>
    <property name="os.arch" value="amd64"/>
    <property name="java.vm.specification.name" value="Java Virtual Machine Specification"/>
    <property name="sun.os.patch.level" value=""/>
    <property name="java.library.path" value="C:\Formaciones\eclipse\plugins\org.eclipse.justj.openjdk.hotspot.jre.full.win32.x86_64_16.0.2.v20210721-1149\jre\bin;C:\WINDOWS\Sun\Java\bin;C:\WINDOWS\system32;C:\WINDOWS;C:/Formaciones/eclipse//plugins/org.eclipse.justj.openjdk.hotspot.jre.full.win32.x86_64_16.0.2.v20210721-1149/jre/bin/server;C:/Formaciones/eclipse//plugins/org.eclipse.justj.openjdk.hotspot.jre.full.win32.x86_64_16.0.2.v20210721-1149/jre/bin;C:\app\jsuredap\product\11.2.0\client_1\bin;C:\Program Files (x86)\Java\jdk1.8.0_201\bin;C:\Program Files (x86)\Common Files\Oracle\Java\javapath;C:\WINDOWS\system32;C:\WINDOWS;C:\WINDOWS\System32\Wbem;C:\WINDOWS\System32\WindowsPowerShell\v1.0\;C:\Program Files\dotnet\;C:\AutomatizacionRPAwksp\AutomatizacionRPA\lib\;C:\Maven\apache-maven-3.6.0\bin;C:\curl\bin;C:\Program Files (x86)\HP\Unified Functional Testing\bin;C:\Program Files (x86)\Sennheiser\SoftphoneSDK\;C:\Program Files (x86)\Brackets\command;C:\Program Files\TortoiseSVN\bin;C:\Program Files\Git\cmd;C:\Program Files (x86)\PuTTY\;C:\WINDOWS\System32\OpenSSH\;C:\Program Files\nodejs\;C:\Users\jsuredap\AppData\Local\Microsoft\WindowsApps;C:\Users\jsuredap\AppData\Local\Programs\Microsoft VS Code\bin;C:\Users\jsuredap\AppData\Roaming\npm;C:\Formaciones\eclipse;;."/>
    <property name="java.vm.info" value="mixed mode"/>
    <property name="java.vendor" value="Oracle Corporation"/>
    <property name="java.vm.version" value="16.0.2+7-67"/>
    <property name="sun.io.unicode.encoding" value="UnicodeLittle"/>
    <property name="java.class.version" value="60.0"/>
  </properties>
  <testcase name="test" classname="testcases.Test1" time="0.111"/>
  <testcase name="test" classname="testcases.Test2" time="0.012"/>
</testsuite>