<?xml version="1.0" encoding="UTF-8"?>
<!-- Generated by org.testng.reporters.JUnitReportReporter -->
<testsuite skipped="0" hostname="SVQ-49YGZM2" name="testcases.Test1" tests="1" failures="0" timestamp="27 sep 2021 14:49:18 GMT" time="0.066" errors="0">
  <testcase name="test" time="0.066" classname="testcases.Test1"/>
</testsuite> <!-- testcases.Test1 -->
