<?xml version="1.0" encoding="UTF-8"?>
<!-- Generated by org.testng.reporters.JUnitReportReporter -->
<testsuite hostname="SVQ-49YGZM2" failures="0" tests="1" name="testcases.Test1" time="0.077" errors="0" timestamp="24 sept 2021 09:12:30 GMT" skipped="0">
  <testcase classname="testcases.Test1" name="test" time="0.077"/>
</testsuite> <!-- testcases.Test1 -->
